2022-11-10 09:28:31,198 - INFO - =========================<1. Independent value set end>=========================
2022-11-10 09:34:19,812 - INFO - =========================<1. Independent value set end>=========================
2022-11-10 09:34:19,892 - INFO - =========================<2. Missing data preprocessing end>=========================
2022-11-10 09:34:20,549 - INFO - =========================<3. Tokenizer end>=========================
2022-11-10 09:34:20,677 - INFO - =========================<4. Padding set end>=========================
2022-11-10 09:34:23,303 - INFO - =========================<5. Encoding & Model loading end>=========================
2022-11-10 09:35:13,861 - INFO - =========================<6. Prediction end>=========================
2022-11-10 09:35:15,284 - INFO - =========================<7. Prediction dataset save end>=========================
2022-11-10 09:36:27,367 - INFO - =========================<1. Independent value set end>=========================
2022-11-10 09:36:27,478 - INFO - =========================<2. Missing data preprocessing end>=========================
2022-11-10 09:36:28,216 - INFO - =========================<3. Tokenizer end>=========================
2022-11-10 09:36:28,365 - INFO - =========================<4. Padding set end>=========================
2022-11-10 09:36:30,834 - INFO - =========================<5. Encoding & Model loading end>=========================
2022-11-10 09:37:18,949 - INFO - =========================<6. Prediction end>=========================
2022-11-10 09:37:20,300 - INFO - =========================<7. Prediction dataset save end>=========================
2022-11-10 09:54:40,415 - INFO - =========================<1. Independent value set end>=========================
2022-11-10 09:54:40,488 - INFO - =========================<2. Missing data preprocessing end>=========================
2022-11-10 09:54:41,138 - INFO - =========================<3. Tokenizer end>=========================
2022-11-10 09:54:41,265 - INFO - =========================<4. Padding set end>=========================
2022-11-10 09:54:43,518 - INFO - =========================<5. Encoding & Model loading end>=========================
2022-11-10 09:55:30,356 - INFO - =========================<6. Prediction end>=========================
2022-11-10 09:55:31,702 - INFO - =========================<7. Prediction dataset save end>=========================
2022-11-11 10:53:34,174 - INFO - =========================<1. Independent value set end>=========================
2022-11-11 10:53:34,248 - INFO - =========================<2. Missing data preprocessing end>=========================
