2022-11-10 09:42:23,744 - INFO - =========================<1. Missing data preprocessing end>=========================
2022-11-10 09:42:23,750 - INFO - =========================<2. Uncommon data preprocessing end >=========================
2022-11-10 09:42:50,815 - INFO - =========================<3. Data imbalanced preprocessing end>=========================
2022-11-10 09:42:50,907 - INFO - =========================<4. Dependent value one-hot encoding end>=========================
2022-11-10 09:43:08,604 - INFO - =========================<5. Tokenizer end>=========================
2022-11-10 09:43:08,884 - INFO - =========================<6. Padding set end>=========================
2022-11-10 09:43:56,407 - INFO - =========================<7. Bi-LSTM model training end>=========================
2022-11-10 09:44:01,284 - INFO - =========================<8. Bi-LSTM trained model evaluation>=========================
2022-11-10 09:44:01,285 - INFO - 
 테스트 Loss: 5.2832
2022-11-10 09:44:01,287 - INFO - =
 테스트 Accuracy: 0.0051
2022-11-10 09:44:01,341 - INFO - =========================<9. Bi-LSTM trained model save>=========================
2022-11-10 11:15:15,989 - INFO - =========================<1. Missing data preprocessing end>=========================
2022-11-10 11:15:15,994 - INFO - =========================<2. Uncommon data preprocessing end >=========================
2022-11-10 11:15:42,958 - INFO - =========================<3. Data imbalanced preprocessing end>=========================
2022-11-10 11:15:43,042 - INFO - =========================<4. Dependent value one-hot encoding end>=========================
2022-11-10 11:16:00,533 - INFO - =========================<5. Tokenizer end>=========================
2022-11-10 11:16:00,830 - INFO - =========================<6. Padding set end>=========================
2022-11-10 11:16:49,605 - INFO - =========================<7. Bi-LSTM model training end>=========================
2022-11-10 11:16:54,532 - INFO - =========================<8. Bi-LSTM trained model evaluation>=========================
2022-11-10 11:16:54,533 - INFO - ====================테스트 Loss: 5.2832
2022-11-10 11:16:54,534 - INFO - ====================테스트 Accuracy: 0.0051
2022-11-10 11:16:54,611 - INFO - =========================<9. Bi-LSTM trained model save>=========================
